Generated at 2019-08-25 00:10:44 +0800
Net::HTTPFatalError: 500 "Internal Server Error"
/opt/chefdk/embedded/lib/ruby/2.5.0/net/http/response.rb:122:in `error!'
/opt/chefdk/embedded/lib/ruby/gems/2.5.0/gems/chef-14.6.47/lib/chef/http.rb:152:in `request'
/opt/chefdk/embedded/lib/ruby/gems/2.5.0/gems/chef-14.6.47/lib/chef/http.rb:115:in `get'
/opt/chefdk/embedded/lib/ruby/gems/2.5.0/gems/chef-14.6.47/lib/chef/run_list/run_list_expansion.rb:221:in `fetch_role'
/opt/chefdk/embedded/lib/ruby/gems/2.5.0/gems/chef-14.6.47/lib/chef/run_list/run_list_expansion.rb:106:in `inflate_role'
/opt/chefdk/embedded/lib/ruby/gems/2.5.0/gems/chef-14.6.47/lib/chef/run_list/run_list_expansion.rb:174:in `expand_run_list_items'
/opt/chefdk/embedded/lib/ruby/gems/2.5.0/gems/chef-14.6.47/lib/chef/run_list/run_list_expansion.rb:179:in `expand_run_list_items'
/opt/chefdk/embedded/lib/ruby/gems/2.5.0/gems/chef-14.6.47/lib/chef/run_list/run_list_expansion.rb:95:in `expand'
/opt/chefdk/embedded/lib/ruby/gems/2.5.0/gems/chef-14.6.47/lib/chef/run_list.rb:145:in `expand'
/opt/chefdk/embedded/lib/ruby/gems/2.5.0/gems/chef-14.6.47/lib/chef/node.rb:425:in `expand!'
/opt/chefdk/embedded/lib/ruby/gems/2.5.0/gems/chef-14.6.47/lib/chef/policy_builder/expand_node_object.rb:146:in `expand_run_list'
/opt/chefdk/embedded/lib/ruby/gems/2.5.0/gems/chef-14.6.47/lib/chef/policy_builder/expand_node_object.rb:130:in `build_node'
/opt/chefdk/embedded/lib/ruby/gems/2.5.0/gems/chef-14.6.47/lib/chef/client.rb:488:in `build_node'
/opt/chefdk/embedded/lib/ruby/gems/2.5.0/gems/chef-14.6.47/lib/chef/client.rb:269:in `run'
/opt/chefdk/embedded/lib/ruby/gems/2.5.0/gems/chef-14.6.47/lib/chef/application.rb:303:in `run_with_graceful_exit_option'
/opt/chefdk/embedded/lib/ruby/gems/2.5.0/gems/chef-14.6.47/lib/chef/application.rb:279:in `block in run_chef_client'
/opt/chefdk/embedded/lib/ruby/gems/2.5.0/gems/chef-14.6.47/lib/chef/local_mode.rb:44:in `with_server_connectivity'
/opt/chefdk/embedded/lib/ruby/gems/2.5.0/gems/chef-14.6.47/lib/chef/application.rb:261:in `run_chef_client'
/opt/chefdk/embedded/lib/ruby/gems/2.5.0/gems/chef-14.6.47/lib/chef/application/client.rb:440:in `run_application'
/opt/chefdk/embedded/lib/ruby/gems/2.5.0/gems/chef-14.6.47/lib/chef/application.rb:66:in `run'
/opt/chefdk/embedded/lib/ruby/gems/2.5.0/gems/chef-14.6.47/bin/chef-client:25:in `<top (required)>'
/usr/local/bin/chef-client:296:in `load'
/usr/local/bin/chef-client:296:in `<main>'